[debug] [2025-11-11T00:36:39.647Z] ----------------------------------------------------------------------
[debug] [2025-11-11T00:36:39.651Z] Command:       /opt/homebrew/Cellar/node/24.5.0/bin/node /opt/homebrew/bin/firebase init
[debug] [2025-11-11T00:36:39.652Z] CLI Version:   14.23.0
[debug] [2025-11-11T00:36:39.652Z] Platform:      darwin
[debug] [2025-11-11T00:36:39.652Z] Node Version:  v24.5.0
[debug] [2025-11-11T00:36:39.652Z] Time:          Mon Nov 10 2025 19:36:39 GMT-0500 (Eastern Standard Time)
[debug] [2025-11-11T00:36:39.652Z] ----------------------------------------------------------------------
[debug] 
[debug] [2025-11-11T00:36:39.653Z] >>> [apiv2][query] GET https://firebase-public.firebaseio.com/cli.json [none]
[info] 
     ######## #### ########  ######## ########     ###     ######  ########
     ##        ##  ##     ## ##       ##     ##  ##   ##  ##       ##
     ######    ##  ########  ######   ########  #########  ######  ######
     ##        ##  ##    ##  ##       ##     ## ##     ##       ## ##
     ##       #### ##     ## ######## ########  ##     ##  ######  ########

You're about to initialize a Firebase project in this directory:

  /Users/jeanpaulxiao/Coding/projects/blacksheep_website/blacksheep_website

[debug] [2025-11-11T00:36:39.888Z] <<< [apiv2][status] GET https://firebase-public.firebaseio.com/cli.json 200
[debug] [2025-11-11T00:36:39.888Z] <<< [apiv2][body] GET https://firebase-public.firebaseio.com/cli.json {"cloudBuildErrorAfter":1594252800000,"cloudBuildWarnAfter":1590019200000,"defaultNode10After":1594252800000,"minVersion":"3.0.5","node8DeploysDisabledAfter":1613390400000,"node8RuntimeDisabledAfter":1615809600000,"node8WarnAfter":1600128000000}
[info] 
=== Project Setup
[info] 
[info] First, let's associate this project directory with a Firebase project.
[info] You can create multiple project aliases by running firebase use --add, 
[info] 
[debug] [2025-11-11T00:36:53.145Z] > command requires scopes: ["email","openid","https://www.googleapis.com/auth/cloudplatformprojects.readonly","https://www.googleapis.com/auth/firebase","https://www.googleapis.com/auth/cloud-platform"]
[debug] [2025-11-11T00:36:53.146Z] > authorizing via signed-in user (john316rocks@gmail.com)
[debug] [2025-11-11T00:36:53.147Z] Checked if tokens are valid: false, expires at: 1762193142795
[debug] [2025-11-11T00:36:53.147Z] Checked if tokens are valid: false, expires at: 1762193142795
[debug] [2025-11-11T00:36:53.148Z] > refreshing access token with scopes: []
[debug] [2025-11-11T00:36:53.149Z] >>> [apiv2][query] POST https://www.googleapis.com/oauth2/v3/token [none]
[debug] [2025-11-11T00:36:53.149Z] >>> [apiv2][body] POST https://www.googleapis.com/oauth2/v3/token [omitted]
[debug] [2025-11-11T00:36:53.380Z] <<< [apiv2][status] POST https://www.googleapis.com/oauth2/v3/token 200
[debug] [2025-11-11T00:36:53.381Z] <<< [apiv2][body] POST https://www.googleapis.com/oauth2/v3/token [omitted]
[debug] [2025-11-11T00:36:53.398Z] >>> [apiv2][query] GET https://firebase.googleapis.com/v1beta1/projects pageSize=100
[debug] [2025-11-11T00:36:53.929Z] <<< [apiv2][status] GET https://firebase.googleapis.com/v1beta1/projects 200
[debug] [2025-11-11T00:36:53.929Z] <<< [apiv2][body] GET https://firebase.googleapis.com/v1beta1/projects [omitted]
[info] 
=== Hosting Setup
[debug] [2025-11-11T00:36:56.482Z] Checked if tokens are valid: true, expires at: 1762825012381
[debug] [2025-11-11T00:36:56.482Z] Checked if tokens are valid: true, expires at: 1762825012381
[debug] [2025-11-11T00:36:56.483Z] >>> [apiv2][query] GET https://firebase.googleapis.com/v1beta1/projects/blacksheep-dff33 [none]
[debug] [2025-11-11T00:36:56.791Z] <<< [apiv2][status] GET https://firebase.googleapis.com/v1beta1/projects/blacksheep-dff33 200
[debug] [2025-11-11T00:36:56.791Z] <<< [apiv2][body] GET https://firebase.googleapis.com/v1beta1/projects/blacksheep-dff33 {"projectId":"blacksheep-dff33","projectNumber":"745015994572","displayName":"blacksheep","name":"projects/blacksheep-dff33","resources":{"hostingSite":"blacksheep-dff33","realtimeDatabaseInstance":"blacksheep-dff33-default-rtdb"},"state":"ACTIVE","etag":"1_98da3f31-fca9-47f4-ac8a-1c4596203aac"}
[info] 
[info] Your public directory is the folder (relative to your project directory) that
[info] will contain Hosting assets to be uploaded with firebase deploy. If you
[info] have a build process for your assets, use your build's output directory.
[info] 
[debug] [2025-11-11T00:37:05.710Z] ExitPromptError: User force closed the prompt with SIGINT
    at Interface.sigint (/opt/homebrew/lib/node_modules/firebase-tools/node_modules/@inquirer/core/dist/commonjs/lib/create-prompt.js:101:37)
    at Interface.emit (node:events:507:28)
    at Interface.emit (node:domain:489:12)
    at [_ttyWrite] [as _ttyWrite] (node:internal/readline/interface:1315:18)
    at ReadStream.onkeypress (node:internal/readline/interface:284:20)
    at ReadStream.emit (node:events:519:35)
    at ReadStream.emit (node:domain:489:12)
    at emitKeys (node:internal/readline/utils:371:14)
    at emitKeys.next (<anonymous>)
    at ReadStream.onData (node:internal/readline/emitKeypressEvents:64:36)
[error] 
[error] Error: An unexpected error has occurred.
